<?xml version="1.0" encoding="UTF-8"?>
<!-- Generated by org.testng.reporters.JUnitReportReporter -->
<testsuite skipped="0" hostname="Kowsiya" name="youtube.RetryLogic" tests="1" failures="0" timestamp="2022-01-05T09:22:52 IST" time="0.011" errors="0">
  <testcase name="f" time="0.011" classname="youtube.RetryLogic"/>
  <system-out/>
</testsuite> <!-- youtube.RetryLogic -->
