<?xml version="1.0" encoding="UTF-8"?>
<!-- Generated by org.testng.reporters.JUnitReportReporter -->
<testsuite skipped="0" hostname="Kowsiya" name="youtube.ParallelDemo" tests="1" failures="0" timestamp="2022-01-01T19:19:38 IST" time="7.662" errors="0">
  <testcase name="yahooLogin" time="7.662" classname="youtube.ParallelDemo"/>
  <system-out/>
</testsuite> <!-- youtube.ParallelDemo -->
