<?xml version="1.0" encoding="UTF-8"?>
<!-- Generated by org.testng.reporters.JUnitReportReporter -->
<testsuite skipped="0" hostname="Kowsiya" name="youtube.TestNGDemo" tests="6" failures="0" timestamp="2022-01-05T09:11:34 IST" time="0.021" errors="0">
  <testcase name="gmailLogIn" time="0.011" classname="youtube.TestNGDemo"/>
  <system-out/>
  <testcase name="composeEmail" time="0.001" classname="youtube.TestNGDemo"/>
  <system-out/>
  <testcase name="sentItems" time="0.002" classname="youtube.TestNGDemo"/>
  <system-out/>
  <testcase name="gmailInbox" time="0.003" classname="youtube.TestNGDemo"/>
  <system-out/>
  <testcase name="gmailLogOut" time="0.002" classname="youtube.TestNGDemo"/>
  <system-out/>
  <testcase name="gmailDraft" time="0.002" classname="youtube.TestNGDemo"/>
  <system-out/>
</testsuite> <!-- youtube.TestNGDemo -->
