<?xml version="1.0" encoding="UTF-8"?>
<!-- Generated by org.testng.reporters.JUnitReportReporter -->
<testsuite skipped="0" hostname="Kowsiya" name="youtube.ListenerAtClassLevel" tests="1" failures="0" timestamp="2022-01-05T09:12:57 IST" time="0.002" errors="0">
  <testcase name="f" time="0.002" classname="youtube.ListenerAtClassLevel"/>
  <system-out/>
</testsuite> <!-- youtube.ListenerAtClassLevel -->
