<?xml version="1.0" encoding="UTF-8"?>
<!-- Generated by org.testng.reporters.JUnitReportReporter -->
<testsuite skipped="0" hostname="Kowsiya" name="youtube.AnnotationOrderDemo" tests="1" failures="0" timestamp="2022-01-06T09:40:37 IST" time="0.011" errors="0">
  <testcase name="f" time="0.011" classname="youtube.AnnotationOrderDemo"/>
  <system-out/>
</testsuite> <!-- youtube.AnnotationOrderDemo -->
