<?xml version="1.0" encoding="UTF-8"?>
<!-- Generated by org.testng.reporters.JUnitReportReporter -->
<testsuite skipped="0" hostname="Kowsiya" name="youtube.GmailTNG" tests="1" failures="0" timestamp="2022-01-12T10:26:49 IST" time="7.668" errors="0">
  <testcase name="yahooLogin" time="7.668" classname="youtube.GmailTNG"/>
  <system-out/>
</testsuite> <!-- youtube.GmailTNG -->
